<?xml version="1.0" encoding="UTF-8"?>
<!-- Generated by org.testng.reporters.JUnitReportReporter -->
<testsuite hostname="DESKTOP-BLLRSG7" failures="0" tests="1" name="Mobile_AppiumTest.Mobile_AppiumTest.AppTest" time="87.919" errors="0" timestamp="2020-09-29T13:25:14 IST" skipped="0">
  <testcase classname="Mobile_AppiumTest.Mobile_AppiumTest.AppTest" name="SearchCareers" time="87.919"/>
  <system-out/>
</testsuite> <!-- Mobile_AppiumTest.Mobile_AppiumTest.AppTest -->
